Vivado Simulator 2020.2
Copyright 1986-1999, 2001-2020 Xilinx, Inc. All Rights Reserved.
Running: C:/Xilinx/Vivado/2020.2/bin/unwrapped/win64.o/xelab.exe -wto 2804e47b40214777b7a30b21da180940 --incr --debug typical --relax --mt 2 -L xil_defaultlib -L secureip --snapshot Top_Level_Datapath_tb_func_impl xil_defaultlib.Top_Level_Datapath_tb -log elaborate.log 
Using 2 slave threads.
Starting static elaboration
Completed static elaboration
Starting simulation data flow analysis
Completed simulation data flow analysis
Time Resolution for simulation is 1ps
Compiling package std.standard
Compiling package std.textio
Compiling package ieee.std_logic_1164
Compiling package ieee.numeric_std
Compiling package unisim.vcomponents
Compiling package ieee.std_logic_arith
Compiling package ieee.std_logic_signed
Compiling package ieee.vital_timing
Compiling package ieee.vital_primitives
Compiling package unisim.vpkg
Compiling package ieee.std_logic_textio
Compiling architecture dsp48e1_v of entity unisim.DSP48E1 [\DSP48E1(acascreg=0,alumodereg=0...]
Compiling architecture carry4_v of entity unisim.CARRY4 [carry4_default]
Compiling architecture lut2_v of entity unisim.LUT2 [\LUT2(init="0110")(0,3)\]
Compiling architecture lut6_v of entity unisim.LUT6 [\LUT6(init="10101111101000001100...]
Compiling architecture structure of entity xil_defaultlib.ALU32Bit [alu32bit_default]
Compiling architecture bufg_v of entity unisim.BUFG [bufg_default]
Compiling architecture ibuf_v of entity unisim.IBUF [\IBUF(1,9)(1,1)(1,4)(1,7)\]
Compiling architecture obuf_v of entity unisim.OBUF [\OBUF(1,9)(1,7)(1,4)\]
Compiling architecture lut1_v of entity unisim.LUT1 [\LUT1(init="0001")(0,3)\]
Compiling architecture structure of entity xil_defaultlib.PCAdder [pcadder_default]
Compiling architecture lut3_v of entity unisim.LUT3 [\LUT3(init="01011101")(0,7)\]
Compiling architecture lut6_v of entity unisim.LUT6 [\LUT6(init="00100000001000001011...]
Compiling architecture lut6_v of entity unisim.LUT6 [\LUT6(init="00100000001000001011...]
Compiling architecture lut6_v of entity unisim.LUT6 [\LUT6(init="00100000001000001000...]
Compiling architecture lut6_v of entity unisim.LUT6 [\LUT6(init="11100000111000001000...]
Compiling architecture lut6_v of entity unisim.LUT6 [\LUT6(init="11100000001000001011...]
Compiling architecture lut5_v of entity unisim.LUT5 [\LUT5(init="11111111111111111101...]
Compiling architecture lut5_v of entity unisim.LUT5 [\LUT5(init="10111011011101110011...]
Compiling architecture lut6_v of entity unisim.LUT6 [\LUT6(init="00000000000000000000...]
Compiling architecture lut6_v of entity unisim.LUT6 [\LUT6(init="10000000000000000000...]
Compiling architecture muxf7_v of entity unisim.MUXF7 [muxf7_default]
Compiling architecture lut5_v of entity unisim.LUT5 [\LUT5(init="00110000101110110011...]
Compiling architecture lut5_v of entity unisim.LUT5 [\LUT5(init="00000000000000000000...]
Compiling architecture lut6_v of entity unisim.LUT6 [\LUT6(init="00000000000000000000...]
Compiling architecture lut5_v of entity unisim.LUT5 [\LUT5(init="10110000100000000000...]
Compiling architecture lut6_v of entity unisim.LUT6 [\LUT6(init="10001000100010001000...]
Compiling architecture lut6_v of entity unisim.LUT6 [\LUT6(init="00000000111000101111...]
Compiling architecture lut6_v of entity unisim.LUT6 [\LUT6(init="00000000010101001111...]
Compiling architecture lut3_v of entity unisim.LUT3 [\LUT3(init="10111000")(0,7)\]
Compiling architecture lut5_v of entity unisim.LUT5 [\LUT5(init="00000000000000000000...]
Compiling architecture lut4_v of entity unisim.LUT4 [\LUT4(init="0000000001010100")(0...]
Compiling architecture lut6_v of entity unisim.LUT6 [\LUT6(init="10110000101100001011...]
Compiling architecture lut5_v of entity unisim.LUT5 [\LUT5(init="00000000000000001111...]
Compiling architecture lut6_v of entity unisim.LUT6 [\LUT6(init="11111111001100111100...]
Compiling architecture lut5_v of entity unisim.LUT5 [\LUT5(init="11111111000000001011...]
Compiling architecture lut6_v of entity unisim.LUT6 [\LUT6(init="00000000000001001111...]
Compiling architecture lut6_v of entity unisim.LUT6 [\LUT6(init="00000000000000000000...]
Compiling architecture lut5_v of entity unisim.LUT5 [\LUT5(init="10111000101110111011...]
Compiling architecture lut5_v of entity unisim.LUT5 [\LUT5(init="11111111111110101100...]
Compiling architecture lut5_v of entity unisim.LUT5 [\LUT5(init="11111111111111111111...]
Compiling architecture lut5_v of entity unisim.LUT5 [\LUT5(init="00010100000000000010...]
Compiling architecture lut2_v of entity unisim.LUT2 [\LUT2(init="1001")(0,3)\]
Compiling architecture lut3_v of entity unisim.LUT3 [\LUT3(init="11100001")(0,7)\]
Compiling architecture lut4_v of entity unisim.LUT4 [\LUT4(init="1111111000000001")(0...]
Compiling architecture lut5_v of entity unisim.LUT5 [\LUT5(init="11111111111111100000...]
Compiling architecture lut5_v of entity unisim.LUT5 [\LUT5(init="01100100000000001000...]
Compiling architecture lut4_v of entity unisim.LUT4 [\LUT4(init="0000000000000100")(0...]
Compiling architecture lut3_v of entity unisim.LUT3 [\LUT3(init="10110011")(0,7)\]
Compiling architecture lut5_v of entity unisim.LUT5 [\LUT5(init="00000000000000000010...]
Compiling architecture lut5_v of entity unisim.LUT5 [\LUT5(init="10000100000000001110...]
Compiling architecture lut6_v of entity unisim.LUT6 [\LUT6(init="00110000001100001011...]
Compiling architecture lut6_v of entity unisim.LUT6 [\LUT6(init="11111111111111111100...]
Compiling architecture lut6_v of entity unisim.LUT6 [\LUT6(init="10110000100000000000...]
Compiling architecture lut5_v of entity unisim.LUT5 [\LUT5(init="10111011101110001000...]
Compiling architecture lut6_v of entity unisim.LUT6 [\LUT6(init="10101111101011111100...]
Compiling architecture lut6_v of entity unisim.LUT6 [\LUT6(init="10000000000000001000...]
Compiling architecture lut6_v of entity unisim.LUT6 [\LUT6(init="00110000111110110000...]
Compiling architecture rb18_internal_vhdl_v of entity unisim.RB18_INTERNAL_VHDL [\RB18_INTERNAL_VHDL(bram_size=18...]
Compiling architecture ramb18e1_v of entity unisim.RAMB18E1 [\RAMB18E1(is_clkbwrclk_inverted=...]
Compiling architecture lut5_v of entity unisim.LUT5 [\LUT5(init="10110000101100001111...]
Compiling architecture lut5_v of entity unisim.LUT5 [\LUT5(init="00000000000000000000...]
Compiling architecture lut5_v of entity unisim.LUT5 [\LUT5(init="10000010000000100010...]
Compiling architecture lut5_v of entity unisim.LUT5 [\LUT5(init="00000000110000000000...]
Compiling architecture lut3_v of entity unisim.LUT3 [\LUT3(init="00000100")(0,7)\]
Compiling architecture lut3_v of entity unisim.LUT3 [\LUT3(init="11001000")(0,7)\]
Compiling architecture lut4_v of entity unisim.LUT4 [\LUT4(init="0000010000000000")(0...]
Compiling architecture lut4_v of entity unisim.LUT4 [\LUT4(init="0000000001000000")(0...]
Compiling architecture lut3_v of entity unisim.LUT3 [\LUT3(init="00000001")(0,7)\]
Compiling architecture lut3_v of entity unisim.LUT3 [\LUT3(init="10101000")(0,7)\]
Compiling architecture lut5_v of entity unisim.LUT5 [\LUT5(init="10001000000010001100...]
Compiling architecture lut5_v of entity unisim.LUT5 [\LUT5(init="01000000100010000000...]
Compiling architecture lut6_v of entity unisim.LUT6 [\LUT6(init="00000000100000000000...]
Compiling architecture lut6_v of entity unisim.LUT6 [\LUT6(init="11111111000001010000...]
Compiling architecture lut5_v of entity unisim.LUT5 [\LUT5(init="00000000000001010011...]
Compiling architecture lut4_v of entity unisim.LUT4 [\LUT4(init="0000000000000001")(0...]
Compiling architecture lut4_v of entity unisim.LUT4 [\LUT4(init="1111111111111110")(0...]
Compiling architecture lut6_v of entity unisim.LUT6 [\LUT6(init="00000000000000010000...]
Compiling architecture lut6_v of entity unisim.LUT6 [\LUT6(init="00000000000000000000...]
Compiling architecture lut6_v of entity unisim.LUT6 [\LUT6(init="00000010001011110000...]
Compiling architecture lut6_v of entity unisim.LUT6 [\LUT6(init="00001001000010011001...]
Compiling architecture lut4_v of entity unisim.LUT4 [\LUT4(init="0010111100000010")(0...]
Compiling architecture lut4_v of entity unisim.LUT4 [\LUT4(init="1001000000001001")(0...]
Compiling architecture lut4_v of entity unisim.LUT4 [\LUT4(init="0101110110100010")(0...]
Compiling architecture structure of entity xil_defaultlib.ProgramCounter [programcounter_default]
Compiling architecture lut6_v of entity unisim.LUT6 [\LUT6(init="01101111011000001111...]
Compiling architecture lut3_v of entity unisim.LUT3 [\LUT3(init="10010110")(0,7)\]
Compiling architecture lut6_v of entity unisim.LUT6 [\LUT6(init="10111011100010001011...]
Compiling architecture lut5_v of entity unisim.LUT5 [\LUT5(init="01101001100101101001...]
Compiling architecture lut6_v of entity unisim.LUT6 [\LUT6(init="01101001100101101001...]
Compiling architecture lut2_v of entity unisim.LUT2 [\LUT2(init="1000")(0,3)\]
Compiling architecture lut2_v of entity unisim.LUT2 [\LUT2(init="1110")(0,3)\]
Compiling architecture lut5_v of entity unisim.LUT5 [\LUT5(init="10010110011010010110...]
Compiling architecture lut6_v of entity unisim.LUT6 [\LUT6(init="00000101100100000000...]
Compiling architecture lut6_v of entity unisim.LUT6 [\LUT6(init="10010000000010010000...]
Compiling architecture lut6_v of entity unisim.LUT6 [\LUT6(init="10111000101110111000...]
Compiling architecture lut4_v of entity unisim.LUT4 [\LUT4(init="0010000010101010")(0...]
Compiling architecture lut6_v of entity unisim.LUT6 [\LUT6(init="00000000000000000000...]
Compiling architecture lut6_v of entity unisim.LUT6 [\LUT6(init="10101111000000001010...]
Compiling architecture lut5_v of entity unisim.LUT5 [\LUT5(init="10111000111111111011...]
Compiling architecture lut6_v of entity unisim.LUT6 [\LUT6(init="10111000111111111111...]
Compiling architecture lut4_v of entity unisim.LUT4 [\LUT4(init="0000000010111000")(0...]
Compiling architecture lut4_v of entity unisim.LUT4 [\LUT4(init="1011100000000000")(0...]
Compiling architecture lut6_v of entity unisim.LUT6 [\LUT6(init="00000000101110001111...]
Compiling architecture lut5_v of entity unisim.LUT5 [\LUT5(init="01010110011010101010...]
Compiling architecture lut6_v of entity unisim.LUT6 [\LUT6(init="11111111100101101001...]
Compiling architecture lut6_v of entity unisim.LUT6 [\LUT6(init="01101001100101101001...]
Compiling architecture lut5_v of entity unisim.LUT5 [\LUT5(init="11111111011010010110...]
Compiling architecture lut6_v of entity unisim.LUT6 [\LUT6(init="10111011101110111011...]
Compiling architecture lut5_v of entity unisim.LUT5 [\LUT5(init="10101111101000001100...]
Compiling architecture lut6_v of entity unisim.LUT6 [\LUT6(init="00010111111010001110...]
Compiling architecture lut6_v of entity unisim.LUT6 [\LUT6(init="00001111000011111111...]
Compiling architecture lut5_v of entity unisim.LUT5 [\LUT5(init="00110011111111110011...]
Compiling architecture lut6_v of entity unisim.LUT6 [\LUT6(init="11111111111111111111...]
Compiling architecture lut6_v of entity unisim.LUT6 [\LUT6(init="00000000000000000000...]
Compiling architecture lut6_v of entity unisim.LUT6 [\LUT6(init="10111000111111111011...]
Compiling architecture lut6_v of entity unisim.LUT6 [\LUT6(init="10111110101111101011...]
Compiling architecture lut6_v of entity unisim.LUT6 [\LUT6(init="10010110111111111001...]
Compiling architecture lut5_v of entity unisim.LUT5 [\LUT5(init="00000000011010010110...]
Compiling architecture lut5_v of entity unisim.LUT5 [\LUT5(init="11111111000101110001...]
Compiling architecture lut5_v of entity unisim.LUT5 [\LUT5(init="00010111111010001110...]
Compiling architecture lut5_v of entity unisim.LUT5 [\LUT5(init="11111111100101101001...]
Compiling architecture lut5_v of entity unisim.LUT5 [\LUT5(init="00010111011111100111...]
Compiling architecture lut6_v of entity unisim.LUT6 [\LUT6(init="10010110000000000110...]
Compiling architecture lut3_v of entity unisim.LUT3 [\LUT3(init="00010111")(0,7)\]
Compiling architecture lut5_v of entity unisim.LUT5 [\LUT5(init="11101011101111101000...]
Compiling architecture lut5_v of entity unisim.LUT5 [\LUT5(init="11111111111010001110...]
Compiling architecture lut6_v of entity unisim.LUT6 [\LUT6(init="10000010001010000010...]
Compiling architecture lut6_v of entity unisim.LUT6 [\LUT6(init="00010111000101110001...]
Compiling architecture lut5_v of entity unisim.LUT5 [\LUT5(init="11101000000101110001...]
Compiling architecture lut6_v of entity unisim.LUT6 [\LUT6(init="00000000000000000010...]
Compiling architecture lut3_v of entity unisim.LUT3 [\LUT3(init="11101000")(0,7)\]
Compiling architecture lut6_v of entity unisim.LUT6 [\LUT6(init="01101111011000000110...]
Compiling architecture lut5_v of entity unisim.LUT5 [\LUT5(init="01101111011011110110...]
Compiling architecture lut5_v of entity unisim.LUT5 [\LUT5(init="11101000100000001000...]
Compiling architecture lut6_v of entity unisim.LUT6 [\LUT6(init="11101000100011101000...]
Compiling architecture lut6_v of entity unisim.LUT6 [\LUT6(init="10001111100000001000...]
Compiling architecture lut5_v of entity unisim.LUT5 [\LUT5(init="11101000100011101000...]
Compiling architecture lut4_v of entity unisim.LUT4 [\LUT4(init="1110100000000000")(0...]
Compiling architecture lut6_v of entity unisim.LUT6 [\LUT6(init="11111111111111110001...]
Compiling architecture lut5_v of entity unisim.LUT5 [\LUT5(init="10001111100011111000...]
Compiling architecture ramb18e1_v of entity unisim.RAMB18E1 [\RAMB18E1(is_clkardclk_inverted=...]
Compiling architecture lut6_v of entity unisim.LUT6 [\LUT6(init="10010110011010010110...]
Compiling architecture lut6_v of entity unisim.LUT6 [\LUT6(init="00000000001111110000...]
Compiling architecture lut6_v of entity unisim.LUT6 [\LUT6(init="00001100000011001001...]
Compiling architecture lut4_v of entity unisim.LUT4 [\LUT4(init="1001101001010101")(0...]
Compiling architecture structure of entity xil_defaultlib.register_file [register_file_default]
Compiling architecture structure of entity xil_defaultlib.Top_Level_Datapath [top_level_datapath_default]
Compiling architecture behavioral of entity xil_defaultlib.top_level_datapath_tb
Built simulation snapshot Top_Level_Datapath_tb_func_impl
