#-----------------------------------------------------------
# Vivado v2020.2 (64-bit)
# SW Build 3064766 on Wed Nov 18 09:12:45 MST 2020
# IP Build 3064653 on Wed Nov 18 14:17:31 MST 2020
# Start of session at: Sun Oct 30 22:38:32 2022
# Process ID: 9684
# Current directory: C:/Users/SFG/Documents/My notes/32BitProcessor/Digital_Design_Project/Top_Level_Datapath
# Command line: vivado.exe -gui_launcher_event rodinguilauncherevent12260 C:\Users\SFG\Documents\My notes\32BitProcessor\Digital_Design_Project\Top_Level_Datapath\Top_Level_Datapath.xpr
# Log file: C:/Users/SFG/Documents/My notes/32BitProcessor/Digital_Design_Project/Top_Level_Datapath/vivado.log
# Journal file: C:/Users/SFG/Documents/My notes/32BitProcessor/Digital_Design_Project/Top_Level_Datapath\vivado.jou
#-----------------------------------------------------------
start_gui
open_project {C:/Users/SFG/Documents/My notes/32BitProcessor/Digital_Design_Project/Top_Level_Datapath/Top_Level_Datapath.xpr}
INFO: [ProjectBase 1-489] The host OS only allows 260 characters in a normal path. The project is stored in a path with more than 80 characters. If you experience issues with IP, Block Designs, or files not being found, please consider moving the project to a location with a shorter path. Alternately consider using the OS subst command to map part of the path to a drive letter.
Current project path is 'C:/Users/SFG/Documents/My notes/32BitProcessor/Digital_Design_Project/Top_Level_Datapath'
INFO: [Project 1-313] Project file moved from 'C:/Users/SFG/Desktop/Digital_Design_Project/Top_Level_Datapath' since last save.
Scanning sources...
Finished scanning sources
INFO: [IP_Flow 19-234] Refreshing IP repositories
INFO: [IP_Flow 19-1704] No user IP repositories specified
INFO: [IP_Flow 19-2313] Loaded Vivado IP repository 'C:/Xilinx/Vivado/2020.2/data/ip'.
open_project: Time (s): cpu = 00:00:16 ; elapsed = 00:00:08 . Memory (MB): peak = 1020.109 ; gain = 0.000
update_compile_order -fileset sources_1
exit
INFO: [Common 17-206] Exiting Vivado at Sun Oct 30 23:50:03 2022...
